<?xml version="1.0" encoding="UTF-8"?>
<testsuite xmlns:xsi="http://www.w3.org/2001/XMLSchema-instance" xsi:noNamespaceSchemaLocation="https://maven.apache.org/surefire/maven-surefire-plugin/xsd/surefire-test-report-3.0.xsd" version="3.0" name="hu.elte.fi.szofttech.bomberman.model.BombTest" time="12.742" tests="6" errors="0" skipped="0" failures="0">
  <properties>
[...]
</properties>
  <testcase name="bombPlayer" classname="hu.elte.fi.szofttech.bomberman.model.BombTest" time="2.115">
    <system-out><![CDATA[Already deleted!
]]></system-out>
  </testcase>
  <testcase name="bombBox" classname="hu.elte.fi.szofttech.bomberman.model.BombTest" time="2.189">
    <system-out><![CDATA[alap: Point2D.Double[0.0, 0.0] java.awt.Dimension[width=50,height=50]
alap: Point2D.Double[50.0, 0.0] java.awt.Dimension[width=50,height=50]
3
]]></system-out>
  </testcase>
  <testcase name="bombBarrier" classname="hu.elte.fi.szofttech.bomberman.model.BombTest" time="2.204"/>
  <testcase name="bombBombBooster" classname="hu.elte.fi.szofttech.bomberman.model.BombTest" time="2.032"/>
  <testcase name="bombBomb" classname="hu.elte.fi.szofttech.bomberman.model.BombTest" time="2.091"/>
  <testcase name="bombWall" classname="hu.elte.fi.szofttech.bomberman.model.BombTest" time="2.068"/>
</testsuite>